<?xml version="1.0" encoding="UTF-8"?>
<testng-results ignored="0" total="1" passed="1" failed="0" skipped="0">
  <reporter-output>
  </reporter-output>
  <suite started-at="2022-02-19T11:40:57 IST" name="Default suite" finished-at="2022-02-19T11:40:57 IST" duration-ms="341">
    <groups>
    </groups>
    <test started-at="2022-02-19T11:40:57 IST" name="Default test" finished-at="2022-02-19T11:40:57 IST" duration-ms="341">
      <class name="DatabaseConnection.SQLConnector">
        <test-method is-config="true" signature="setUp()[pri:0, instance:DatabaseConnection.SQLConnector@7d9d0818]" started-at="2022-02-19T11:40:57 IST" name="setUp" finished-at="2022-02-19T11:40:57 IST" duration-ms="293" status="PASS">
          <reporter-output>
          </reporter-output>
        </test-method> <!-- setUp -->
        <test-method signature="test()[pri:0, instance:DatabaseConnection.SQLConnector@7d9d0818]" started-at="2022-02-19T11:40:57 IST" name="test" finished-at="2022-02-19T11:40:57 IST" duration-ms="30" status="PASS">
          <reporter-output>
          </reporter-output>
        </test-method> <!-- test -->
        <test-method is-config="true" signature="tearDown()[pri:0, instance:DatabaseConnection.SQLConnector@7d9d0818]" started-at="2022-02-19T11:40:57 IST" name="tearDown" finished-at="2022-02-19T11:40:57 IST" duration-ms="1" status="PASS">
          <reporter-output>
          </reporter-output>
        </test-method> <!-- tearDown -->
      </class> <!-- DatabaseConnection.SQLConnector -->
    </test> <!-- Default test -->
  </suite> <!-- Default suite -->
</testng-results>
