<?xml version="1.0" encoding="UTF-8"?>
<!-- Generated by org.testng.reporters.JUnitXMLReporter -->
<testsuite ignored="0" hostname="inbl01lap7154" failures="0" tests="4" name="Test" time="117.59" errors="0" timestamp="2022-02-19T11:18:34 IST">
  <testcase classname="com.caps.test.cases.LoginPageTest" name="validateLoginPage" time="7.131"/>
  <testcase classname="com.caps.test.cases.LoginPageTest" name="invalidvalidateLoginPage" time="6.647"/>
  <testcase classname="com.caps.test.cases.RegisterTest" name="registerpatientdetails" time="34.008"/>
  <testcase classname="com.caps.test.cases.CaptureVitalsTest" name="validateCaptureVital" time="26.371"/>
</testsuite> <!-- Test -->
